<?xml version="1.0" encoding="UTF-8"?>
<!-- Generated by org.testng.reporters.JUnitXMLReporter -->
<testsuite ignored="0" hostname="DESKTOP-F85JIL9" failures="0" tests="11" name="Insurance" time="0.095" errors="0" timestamp="2022-03-30T07:09:37 IST">
  <testcase classname="TestNgBasics.GardenInsurance" name="APILogin" time="0.007"/>
  <testcase classname="TestNgBasics.GardenInsurance" name="MobileLogin" time="0.001"/>
  <testcase classname="TestNgBasics.GardenInsurance" name="WebLogin" time="0.001"/>
  <testcase classname="TestNgBasics.HomeInsurance" name="WebLogin" time="0.001"/>
  <testcase classname="TestNgBasics.HomeInsurance" name="APILogin" time="0.001"/>
  <testcase classname="TestNgBasics.HomeInsurance" name="MobileLogin" time="0.002"/>
  <testcase classname="TestNgBasics.TestNgDemo" name="Demo" time="0.002"/>
  <testcase classname="TestNgBasics.TestNgDemo" name="SecondTestCase" time="0.001"/>
  <testcase classname="TestNgBasics.VehicleInsurance" name="APILogin" time="0.0"/>
  <testcase classname="TestNgBasics.VehicleInsurance" name="MobileLogin" time="0.001"/>
  <testcase classname="TestNgBasics.VehicleInsurance" name="WebLogin" time="0.001"/>
</testsuite> <!-- Insurance -->
