<?xml version="1.0" encoding="UTF-8"?>
<testng-results ignored="0" total="1" passed="1" failed="0" skipped="0">
  <reporter-output>
  </reporter-output>
  <suite started-at="2022-04-25T20:02:29 IST" name="Default suite" finished-at="2022-04-25T20:02:45 IST" duration-ms="16119">
    <groups>
    </groups>
    <test started-at="2022-04-25T20:02:29 IST" name="Default test" finished-at="2022-04-25T20:02:45 IST" duration-ms="16119">
      <class name="pomWOPageFactory1.LoginpayrollTest1">
        <test-method signature="verifyLogin()[pri:0, instance:pomWOPageFactory1.LoginpayrollTest1@1e04fa0a]" started-at="2022-04-25T20:02:29 IST" name="verifyLogin" finished-at="2022-04-25T20:02:45 IST" duration-ms="16062" status="PASS">
          <reporter-output>
          </reporter-output>
        </test-method> <!-- verifyLogin -->
      </class> <!-- pomWOPageFactory1.LoginpayrollTest1 -->
    </test> <!-- Default test -->
  </suite> <!-- Default suite -->
</testng-results>
