<?xml version="1.0" encoding="UTF-8"?>
<!-- Generated by org.testng.reporters.JUnitXMLReporter -->
<testsuite ignored="0" hostname="DESKTOP-F85JIL9" failures="1" tests="3" name="Regression" time="0.129" errors="0" timestamp="2022-04-07T20:52:40 IST">
  <testcase classname="ListenerDemo.VehicleInsurance" name="APILogin" time="0.023">
    <failure type="java.lang.AssertionError" message="expected [true] but found [false]">
      <![CDATA[java.lang.AssertionError: expected [true] but found [false]
at ListenerDemo.VehicleInsurance.APILogin(VehicleInsurance.java:23)
at java.base/java.util.ArrayList.forEach(ArrayList.java:1511)
... Removed 31 stack frames]]>
    </failure>
  </testcase> <!-- APILogin -->
  <testcase classname="ListenerDemo.VehicleInsurance" name="MobileLogin" time="0.002"/>
  <testcase classname="ListenerDemo.VehicleInsurance" name="WebLogin" time="0.002"/>
</testsuite> <!-- Regression -->
