<?xml version="1.0" encoding="UTF-8"?>
<!-- Generated by org.testng.reporters.JUnitXMLReporter -->
<testsuite ignored="1" hostname="DESKTOP-F85JIL9" failures="0" tests="8" name="Regression" time="0.136" errors="0" timestamp="2022-03-30T19:14:16 IST">
  <testcase classname="TestNgBasics.GardenInsurance" name="APILogin" time="0.012"/>
  <testcase classname="TestNgBasics.GardenInsurance" name="MobileLogin" time="0.002"/>
  <testcase classname="TestNgBasics.HomeInsurance" name="WebLogin" time="0.002"/>
  <testcase classname="TestNgBasics.HomeInsurance" name="APILogin" time="0.002"/>
  <testcase classname="TestNgBasics.HomeInsurance" name="MobileLogin" time="0.003"/>
  <testcase classname="TestNgBasics.VehicleInsurance" name="APILogin" time="0.004"/>
  <testcase classname="TestNgBasics.VehicleInsurance" name="MobileLogin" time="0.003"/>
  <testcase classname="TestNgBasics.VehicleInsurance" name="WebLogin" time="0.003"/>
  <testcase classname="TestNgBasics.GardenInsurance" name="WebLogin" time="0.0">
    <ignored/>
  </testcase> <!-- WebLogin -->
</testsuite> <!-- Regression -->
